<?xml version="1.0" encoding="UTF-8"?>
<testng-results skipped="0" failed="0" total="1" passed="1">
  <reporter-output>
  </reporter-output>
  <suite name="Default suite" duration-ms="15128" started-at="2018-03-13T03:55:31Z" finished-at="2018-03-13T03:55:46Z">
    <groups>
    </groups>
    <test name="Default test" duration-ms="15128" started-at="2018-03-13T03:55:31Z" finished-at="2018-03-13T03:55:46Z">
      <class name="module.webpagefxTest">
        <test-method status="PASS" signature="init()[pri:0, instance:module.webpagefxTest@359f7cdf]" name="init" is-config="true" duration-ms="6336" started-at="2018-03-12T20:55:31Z" finished-at="2018-03-12T20:55:38Z">
          <reporter-output>
          </reporter-output>
        </test-method> <!-- init -->
        <test-method status="PASS" signature="dropdowncheck()[pri:0, instance:module.webpagefxTest@359f7cdf]" name="dropdowncheck" duration-ms="8768" started-at="2018-03-12T20:55:38Z" finished-at="2018-03-12T20:55:46Z">
          <reporter-output>
          </reporter-output>
        </test-method> <!-- dropdowncheck -->
      </class> <!-- module.webpagefxTest -->
    </test> <!-- Default test -->
  </suite> <!-- Default suite -->
</testng-results>
